<?xml version="1.0" encoding="UTF-8" ?>
<testsuite tests="3" failures="0" name="TestSuite" time="5.032" errors="0" skipped="0">
  <properties>
    <property name="jansi.mode" value="strip"/>
    <property name="java.runtime.name" value="OpenJDK Runtime Environment"/>
    <property name="java.vm.version" value="17+35-2724"/>
    <property name="sun.boot.library.path" value="/Users/kamboyi/Library/Java/JavaVirtualMachines/openjdk-17/Contents/Home/lib"/>
    <property name="maven.multiModuleProjectDirectory" value="/Users/kamboyi/eclipse-workspace/demoProject"/>
    <property name="java.vm.vendor" value="Oracle Corporation"/>
    <property name="java.vendor.url" value="https://java.oracle.com/"/>
    <property name="guice.disable.misplaced.annotation.check" value="true"/>
    <property name="path.separator" value=":"/>
    <property name="java.vm.name" value="OpenJDK 64-Bit Server VM"/>
    <property name="user.country" value="GB"/>
    <property name="sun.java.launcher" value="SUN_STANDARD"/>
    <property name="java.vm.specification.name" value="Java Virtual Machine Specification"/>
    <property name="user.dir" value="/Users/kamboyi/eclipse-workspace/demoProject"/>
    <property name="java.vm.compressedOopsMode" value="Zero based"/>
    <property name="java.runtime.version" value="17+35-2724"/>
    <property name="os.arch" value="x86_64"/>
    <property name="java.io.tmpdir" value="/var/folders/0f/qxkmrtz14bq8pkw5qnpbr9d00000gn/T/"/>
    <property name="line.separator" value="
"/>
    <property name="java.vm.specification.vendor" value="Oracle Corporation"/>
    <property name="os.name" value="Mac OS X"/>
    <property name="classworlds.conf" value="/Users/kamboyi/eclipse-workspace/.metadata/.plugins/org.eclipse.m2e.launching/launches/m2conf18117497256263580517.tmp"/>
    <property name="sun.jnu.encoding" value="UTF-8"/>
    <property name="java.library.path" value="/Users/kamboyi/Library/Java/Extensions:/Library/Java/Extensions:/Network/Library/Java/Extensions:/System/Library/Java/Extensions:/usr/lib/java:."/>
    <property name="jdk.debug" value="release"/>
    <property name="java.class.version" value="61.0"/>
    <property name="java.specification.name" value="Java Platform API Specification"/>
    <property name="sun.management.compiler" value="HotSpot 64-Bit Tiered Compilers"/>
    <property name="os.version" value="12.2.1"/>
    <property name="http.nonProxyHosts" value="local|*.local|169.254/16|*.169.254/16"/>
    <property name="user.home" value="/Users/kamboyi"/>
    <property name="user.timezone" value="Europe/London"/>
    <property name="file.encoding" value="UTF-8"/>
    <property name="java.specification.version" value="17"/>
    <property name="user.name" value="kamboyi"/>
    <property name="java.class.path" value="/Users/kamboyi/.p2/pool/plugins/org.eclipse.m2e.maven.runtime_1.18.3.20220227-1319/jars/plexus-classworlds-2.6.0.jar"/>
    <property name="java.vm.specification.version" value="17"/>
    <property name="sun.arch.data.model" value="64"/>
    <property name="sun.java.command" value="org.codehaus.plexus.classworlds.launcher.Launcher -B test"/>
    <property name="java.home" value="/Users/kamboyi/Library/Java/JavaVirtualMachines/openjdk-17/Contents/Home"/>
    <property name="user.language" value="en"/>
    <property name="java.specification.vendor" value="Oracle Corporation"/>
    <property name="java.vm.info" value="mixed mode, sharing"/>
    <property name="java.version" value="17"/>
    <property name="native.encoding" value="UTF-8"/>
    <property name="java.vendor" value="Oracle Corporation"/>
    <property name="maven.home" value="/Users/kamboyi/eclipse-workspace/demoProject/EMBEDDED"/>
    <property name="file.separator" value="/"/>
    <property name="java.version.date" value="2021-09-14"/>
    <property name="java.vendor.url.bug" value="https://bugreport.java.com/bugreport/"/>
    <property name="sun.io.unicode.encoding" value="UnicodeBig"/>
    <property name="sun.cpu.endian" value="little"/>
    <property name="socksNonProxyHosts" value="local|*.local|169.254/16|*.169.254/16"/>
    <property name="ftp.nonProxyHosts" value="local|*.local|169.254/16|*.169.254/16"/>
  </properties>
  <testcase classname="com.demoProj.TestClass" name="test1" time="1.64"/>
  <testcase classname="com.demoProj.TestClass" name="test2" time="1.712"/>
  <testcase classname="com.demoProj.TestClass" name="test3" time="1.68"/>
</testsuite>