<?xml version="1.0" encoding="UTF-8"?>
<!-- Generated by org.testng.reporters.JUnitReportReporter -->
<testsuite hostname="Kamboyis-MacBook-Pro.local" failures="0" tests="3" name="com.demoProj.TestClass" time="34.498" errors="0" timestamp="2022-03-29T23:31:11 BST" skipped="0">
  <testcase classname="com.demoProj.TestClass" name="test2" time="15.672"/>
  <system-out/>
  <testcase classname="com.demoProj.TestClass" name="test3" time="9.542"/>
  <system-out/>
  <testcase classname="com.demoProj.TestClass" name="test1" time="9.284"/>
  <system-out/>
</testsuite> <!-- com.demoProj.TestClass -->
