<?xml version="1.0" encoding="UTF-8"?>
<!-- Generated by org.testng.reporters.JUnitReportReporter -->
<testsuite hostname="Kamboyis-MacBook-Pro.local" failures="0" tests="3" name="com.demoProj.TestClass" time="32.625" errors="0" timestamp="2022-03-29T23:32:07 BST" skipped="0">
  <testcase classname="com.demoProj.TestClass" name="test3" time="12.952"/>
  <system-out/>
  <testcase classname="com.demoProj.TestClass" name="test1" time="11.578"/>
  <system-out/>
  <testcase classname="com.demoProj.TestClass" name="test2" time="8.095"/>
  <system-out/>
</testsuite> <!-- com.demoProj.TestClass -->
